<?xml version="1.0" encoding="UTF-8"?>
<testsuite xmlns:xsi="http://www.w3.org/2001/XMLSchema-instance" xsi:noNamespaceSchemaLocation="https://maven.apache.org/surefire/maven-surefire-plugin/xsd/surefire-test-report-3.0.xsd" version="3.0" name="com.smu.mscda.StringProcessorForCapitalizationTest" time="0.052" tests="2" errors="0" skipped="0" failures="0">
  <properties>
[...]
</properties>
  <testcase name="testGenerateMd5Hex" classname="com.smu.mscda.StringProcessorForCapitalizationTest" time="0.032">
    <system-out><![CDATA[MD5 Hex: 098f6bcd4621d373cade4e832627b4f6
]]></system-out>
  </testcase>
  <testcase name="testCapitalize" classname="com.smu.mscda.StringProcessorForCapitalizationTest" time="0.0">
    <system-out><![CDATA[Capitalized String: Test
]]></system-out>
  </testcase>
</testsuite>